{"/Users/lawaldare/Documents/Decagon files/product-lifecycle/Production.js": {"path":"/Users/lawaldare/Documents/Decagon files/product-lifecycle/Production.js","statementMap":{"0":{"start":{"line":1,"column":17},"end":{"line":1,"column":47}},"1":{"start":{"line":2,"column":17},"end":{"line":13,"column":1}},"2":{"start":{"line":3,"column":1},"end":{"line":3,"column":40}},"3":{"start":{"line":5,"column":1},"end":{"line":8,"column":3}},"4":{"start":{"line":6,"column":2},"end":{"line":6,"column":28}},"5":{"start":{"line":7,"column":2},"end":{"line":7,"column":31}},"6":{"start":{"line":10,"column":1},"end":{"line":12,"column":3}},"7":{"start":{"line":11,"column":2},"end":{"line":11,"column":25}},"8":{"start":{"line":15,"column":0},"end":{"line":15,"column":28}}},"fnMap":{"0":{"name":"(anonymous_0)","decl":{"start":{"line":2,"column":17},"end":{"line":2,"column":18}},"loc":{"start":{"line":2,"column":28},"end":{"line":13,"column":1}},"line":2},"1":{"name":"(anonymous_1)","decl":{"start":{"line":5,"column":15},"end":{"line":5,"column":16}},"loc":{"start":{"line":5,"column":37},"end":{"line":8,"column":2}},"line":5},"2":{"name":"(anonymous_2)","decl":{"start":{"line":10,"column":14},"end":{"line":10,"column":15}},"loc":{"start":{"line":10,"column":25},"end":{"line":12,"column":2}},"line":10}},"branchMap":{},"s":{"0":2,"1":2,"2":8,"3":8,"4":0,"5":0,"6":8,"7":0,"8":2},"f":{"0":8,"1":0,"2":0},"b":{},"_coverageSchema":"43e27e138ebf9cfc5966b082cf9a028302ed4184","hash":"326b6309ba056d00be8502ea24e91b834df67136"}
,"/Users/lawaldare/Documents/Decagon files/product-lifecycle/check.js": {"path":"/Users/lawaldare/Documents/Decagon files/product-lifecycle/check.js","statementMap":{"0":{"start":{"line":1,"column":0},"end":{"line":1,"column":35}}},"fnMap":{},"branchMap":{},"s":{"0":2},"f":{},"b":{},"_coverageSchema":"43e27e138ebf9cfc5966b082cf9a028302ed4184","hash":"16ad71ffa5107c7a6bf79615b1f959f2ec046e79"}
,"/Users/lawaldare/Documents/Decagon files/product-lifecycle/files.js": {"path":"/Users/lawaldare/Documents/Decagon files/product-lifecycle/files.js","statementMap":{"0":{"start":{"line":1,"column":0},"end":{"line":1,"column":45}},"1":{"start":{"line":2,"column":0},"end":{"line":2,"column":50}},"2":{"start":{"line":3,"column":0},"end":{"line":3,"column":66}},"3":{"start":{"line":4,"column":0},"end":{"line":4,"column":50}},"4":{"start":{"line":5,"column":0},"end":{"line":5,"column":66}},"5":{"start":{"line":6,"column":0},"end":{"line":6,"column":50}},"6":{"start":{"line":7,"column":0},"end":{"line":7,"column":66}},"7":{"start":{"line":8,"column":0},"end":{"line":8,"column":50}},"8":{"start":{"line":9,"column":0},"end":{"line":9,"column":66}},"9":{"start":{"line":10,"column":0},"end":{"line":10,"column":35}},"10":{"start":{"line":11,"column":0},"end":{"line":11,"column":34}}},"fnMap":{},"branchMap":{},"s":{"0":2,"1":2,"2":2,"3":2,"4":2,"5":2,"6":2,"7":2,"8":2,"9":2,"10":2},"f":{},"b":{},"_coverageSchema":"43e27e138ebf9cfc5966b082cf9a028302ed4184","hash":"b0fe11cd54fe7bf814e7b26409464e565fb33506"}
,"/Users/lawaldare/Documents/Decagon files/product-lifecycle/mo.js": {"path":"/Users/lawaldare/Documents/Decagon files/product-lifecycle/mo.js","statementMap":{"0":{"start":{"line":1,"column":13},"end":{"line":1,"column":31}},"1":{"start":{"line":2,"column":11},"end":{"line":2,"column":27}},"2":{"start":{"line":4,"column":26},"end":{"line":4,"column":53}},"3":{"start":{"line":5,"column":26},"end":{"line":5,"column":53}},"4":{"start":{"line":6,"column":26},"end":{"line":6,"column":53}},"5":{"start":{"line":7,"column":26},"end":{"line":7,"column":53}},"6":{"start":{"line":9,"column":0},"end":{"line":9,"column":51}},"7":{"start":{"line":10,"column":0},"end":{"line":10,"column":51}},"8":{"start":{"line":11,"column":0},"end":{"line":11,"column":51}},"9":{"start":{"line":12,"column":0},"end":{"line":12,"column":51}},"10":{"start":{"line":15,"column":2},"end":{"line":15,"column":31}},"11":{"start":{"line":18,"column":0},"end":{"line":18,"column":25}}},"fnMap":{"0":{"name":"started","decl":{"start":{"line":14,"column":10},"end":{"line":14,"column":17}},"loc":{"start":{"line":14,"column":34},"end":{"line":16,"column":1}},"line":14}},"branchMap":{},"s":{"0":2,"1":2,"2":2,"3":2,"4":2,"5":2,"6":2,"7":2,"8":2,"9":2,"10":0,"11":2},"f":{"0":0},"b":{},"_coverageSchema":"43e27e138ebf9cfc5966b082cf9a028302ed4184","hash":"c1da0f674d441d952c5f1bd1ed2ec4195017eda8"}
,"/Users/lawaldare/Documents/Decagon files/product-lifecycle/model.js": {"path":"/Users/lawaldare/Documents/Decagon files/product-lifecycle/model.js","statementMap":{"0":{"start":{"line":2,"column":1},"end":{"line":2,"column":21}},"1":{"start":{"line":3,"column":1},"end":{"line":6,"column":3}},"2":{"start":{"line":4,"column":2},"end":{"line":4,"column":54}},"3":{"start":{"line":5,"column":2},"end":{"line":5,"column":39}},"4":{"start":{"line":7,"column":1},"end":{"line":13,"column":3}},"5":{"start":{"line":8,"column":2},"end":{"line":12,"column":3}},"6":{"start":{"line":9,"column":3},"end":{"line":11,"column":6}},"7":{"start":{"line":10,"column":4},"end":{"line":10,"column":27}},"8":{"start":{"line":16,"column":0},"end":{"line":16,"column":23}}},"fnMap":{"0":{"name":"Model","decl":{"start":{"line":1,"column":9},"end":{"line":1,"column":14}},"loc":{"start":{"line":1,"column":17},"end":{"line":14,"column":1}},"line":1},"1":{"name":"(anonymous_1)","decl":{"start":{"line":3,"column":25},"end":{"line":3,"column":26}},"loc":{"start":{"line":3,"column":51},"end":{"line":6,"column":2}},"line":3},"2":{"name":"(anonymous_2)","decl":{"start":{"line":7,"column":18},"end":{"line":7,"column":19}},"loc":{"start":{"line":7,"column":43},"end":{"line":13,"column":2}},"line":7},"3":{"name":"(anonymous_3)","decl":{"start":{"line":9,"column":33},"end":{"line":9,"column":34}},"loc":{"start":{"line":9,"column":52},"end":{"line":11,"column":4}},"line":9}},"branchMap":{"0":{"loc":{"start":{"line":4,"column":26},"end":{"line":4,"column":53}},"type":"binary-expr","locations":[{"start":{"line":4,"column":26},"end":{"line":4,"column":47}},{"start":{"line":4,"column":51},"end":{"line":4,"column":53}}],"line":4},"1":{"loc":{"start":{"line":8,"column":2},"end":{"line":12,"column":3}},"type":"if","locations":[{"start":{"line":8,"column":2},"end":{"line":12,"column":3}},{"start":{"line":8,"column":2},"end":{"line":12,"column":3}}],"line":8}},"s":{"0":2,"1":2,"2":8,"3":8,"4":2,"5":0,"6":0,"7":0,"8":2},"f":{"0":2,"1":8,"2":0,"3":0},"b":{"0":[8,8],"1":[0,0]},"_coverageSchema":"43e27e138ebf9cfc5966b082cf9a028302ed4184","hash":"796bab639472839fb772532899a621ef01b5b607"}
,"/Users/lawaldare/Documents/Decagon files/product-lifecycle/Consumer/Consumer.js": {"path":"/Users/lawaldare/Documents/Decagon files/product-lifecycle/Consumer/Consumer.js","statementMap":{"0":{"start":{"line":1,"column":11},"end":{"line":1,"column":24}},"1":{"start":{"line":5,"column":2},"end":{"line":5,"column":21}},"2":{"start":{"line":6,"column":2},"end":{"line":6,"column":33}},"3":{"start":{"line":7,"column":20},"end":{"line":7,"column":70}},"4":{"start":{"line":8,"column":2},"end":{"line":12,"column":4}},"5":{"start":{"line":9,"column":3},"end":{"line":9,"column":54}},"6":{"start":{"line":10,"column":3},"end":{"line":10,"column":26}},"7":{"start":{"line":11,"column":3},"end":{"line":11,"column":70}},"8":{"start":{"line":16,"column":13},"end":{"line":16,"column":32}},"9":{"start":{"line":18,"column":0},"end":{"line":18,"column":26}}},"fnMap":{"0":{"name":"(anonymous_0)","decl":{"start":{"line":4,"column":1},"end":{"line":4,"column":2}},"loc":{"start":{"line":4,"column":39},"end":{"line":13,"column":2}},"line":4},"1":{"name":"(anonymous_1)","decl":{"start":{"line":8,"column":13},"end":{"line":8,"column":14}},"loc":{"start":{"line":8,"column":30},"end":{"line":12,"column":3}},"line":8}},"branchMap":{},"s":{"0":2,"1":1,"2":1,"3":1,"4":1,"5":0,"6":0,"7":0,"8":2,"9":2},"f":{"0":1,"1":0},"b":{},"_coverageSchema":"43e27e138ebf9cfc5966b082cf9a028302ed4184","hash":"1f8cf10976d37bb5c295e721f5136bb5a7513bb8"}
,"/Users/lawaldare/Documents/Decagon files/product-lifecycle/Consumer/ConsumerObserver.js": {"path":"/Users/lawaldare/Documents/Decagon files/product-lifecycle/Consumer/ConsumerObserver.js","statementMap":{"0":{"start":{"line":3,"column":2},"end":{"line":3,"column":37}},"1":{"start":{"line":4,"column":2},"end":{"line":6,"column":4}},"2":{"start":{"line":5,"column":3},"end":{"line":5,"column":61}},"3":{"start":{"line":10,"column":13},"end":{"line":10,"column":32}},"4":{"start":{"line":12,"column":0},"end":{"line":12,"column":34}}},"fnMap":{"0":{"name":"(anonymous_0)","decl":{"start":{"line":2,"column":1},"end":{"line":2,"column":2}},"loc":{"start":{"line":2,"column":15},"end":{"line":7,"column":2}},"line":2},"1":{"name":"(anonymous_1)","decl":{"start":{"line":4,"column":14},"end":{"line":4,"column":15}},"loc":{"start":{"line":4,"column":32},"end":{"line":6,"column":3}},"line":4}},"branchMap":{},"s":{"0":2,"1":2,"2":0,"3":2,"4":2},"f":{"0":2,"1":0},"b":{},"_coverageSchema":"43e27e138ebf9cfc5966b082cf9a028302ed4184","hash":"467d6825aa783a8706f8cb632f7e986fa00ee9a3"}
,"/Users/lawaldare/Documents/Decagon files/product-lifecycle/Producer/Producer.js": {"path":"/Users/lawaldare/Documents/Decagon files/product-lifecycle/Producer/Producer.js","statementMap":{"0":{"start":{"line":1,"column":11},"end":{"line":1,"column":24}},"1":{"start":{"line":2,"column":16},"end":{"line":2,"column":35}},"2":{"start":{"line":6,"column":2},"end":{"line":6,"column":21}},"3":{"start":{"line":7,"column":2},"end":{"line":7,"column":33}},"4":{"start":{"line":8,"column":20},"end":{"line":8,"column":70}},"5":{"start":{"line":9,"column":2},"end":{"line":13,"column":4}},"6":{"start":{"line":10,"column":3},"end":{"line":10,"column":54}},"7":{"start":{"line":11,"column":3},"end":{"line":11,"column":26}},"8":{"start":{"line":12,"column":3},"end":{"line":12,"column":90}},"9":{"start":{"line":12,"column":23},"end":{"line":12,"column":90}},"10":{"start":{"line":17,"column":13},"end":{"line":17,"column":32}},"11":{"start":{"line":19,"column":0},"end":{"line":19,"column":26}}},"fnMap":{"0":{"name":"(anonymous_0)","decl":{"start":{"line":5,"column":1},"end":{"line":5,"column":2}},"loc":{"start":{"line":5,"column":39},"end":{"line":14,"column":2}},"line":5},"1":{"name":"(anonymous_1)","decl":{"start":{"line":9,"column":13},"end":{"line":9,"column":14}},"loc":{"start":{"line":9,"column":30},"end":{"line":13,"column":3}},"line":9}},"branchMap":{"0":{"loc":{"start":{"line":12,"column":3},"end":{"line":12,"column":90}},"type":"if","locations":[{"start":{"line":12,"column":3},"end":{"line":12,"column":90}},{"start":{"line":12,"column":3},"end":{"line":12,"column":90}}],"line":12}},"s":{"0":2,"1":2,"2":9,"3":9,"4":9,"5":9,"6":0,"7":0,"8":0,"9":0,"10":2,"11":2},"f":{"0":9,"1":0},"b":{"0":[0,0]},"_coverageSchema":"43e27e138ebf9cfc5966b082cf9a028302ed4184","hash":"c9457d212e26cce7878b325cfc895d7e1266f22e"}
,"/Users/lawaldare/Documents/Decagon files/product-lifecycle/Producer/ProducerObserver.js": {"path":"/Users/lawaldare/Documents/Decagon files/product-lifecycle/Producer/ProducerObserver.js","statementMap":{"0":{"start":{"line":3,"column":2},"end":{"line":3,"column":37}},"1":{"start":{"line":4,"column":2},"end":{"line":6,"column":4}},"2":{"start":{"line":5,"column":3},"end":{"line":5,"column":61}},"3":{"start":{"line":10,"column":13},"end":{"line":10,"column":32}},"4":{"start":{"line":12,"column":0},"end":{"line":12,"column":34}}},"fnMap":{"0":{"name":"(anonymous_0)","decl":{"start":{"line":2,"column":1},"end":{"line":2,"column":2}},"loc":{"start":{"line":2,"column":15},"end":{"line":7,"column":2}},"line":2},"1":{"name":"(anonymous_1)","decl":{"start":{"line":4,"column":14},"end":{"line":4,"column":15}},"loc":{"start":{"line":4,"column":32},"end":{"line":6,"column":3}},"line":4}},"branchMap":{},"s":{"0":2,"1":2,"2":0,"3":2,"4":2},"f":{"0":2,"1":0},"b":{},"_coverageSchema":"43e27e138ebf9cfc5966b082cf9a028302ed4184","hash":"a6fb5f94b9a4b5214d674362ea08fdf7ad1dce9e"}
,"/Users/lawaldare/Documents/Decagon files/product-lifecycle/Recycler/Recycler.js": {"path":"/Users/lawaldare/Documents/Decagon files/product-lifecycle/Recycler/Recycler.js","statementMap":{"0":{"start":{"line":1,"column":11},"end":{"line":1,"column":24}},"1":{"start":{"line":5,"column":2},"end":{"line":5,"column":21}},"2":{"start":{"line":6,"column":2},"end":{"line":6,"column":33}},"3":{"start":{"line":7,"column":20},"end":{"line":7,"column":70}},"4":{"start":{"line":8,"column":2},"end":{"line":12,"column":4}},"5":{"start":{"line":9,"column":3},"end":{"line":9,"column":54}},"6":{"start":{"line":10,"column":3},"end":{"line":10,"column":26}},"7":{"start":{"line":11,"column":3},"end":{"line":11,"column":70}},"8":{"start":{"line":16,"column":13},"end":{"line":16,"column":32}},"9":{"start":{"line":18,"column":0},"end":{"line":18,"column":26}}},"fnMap":{"0":{"name":"(anonymous_0)","decl":{"start":{"line":4,"column":1},"end":{"line":4,"column":2}},"loc":{"start":{"line":4,"column":39},"end":{"line":13,"column":2}},"line":4},"1":{"name":"(anonymous_1)","decl":{"start":{"line":8,"column":12},"end":{"line":8,"column":13}},"loc":{"start":{"line":8,"column":30},"end":{"line":12,"column":3}},"line":8}},"branchMap":{},"s":{"0":2,"1":0,"2":0,"3":0,"4":0,"5":0,"6":0,"7":0,"8":2,"9":2},"f":{"0":0,"1":0},"b":{},"_coverageSchema":"43e27e138ebf9cfc5966b082cf9a028302ed4184","hash":"1f9fafc6080835968e8c0977fd2aad4e8436c017"}
,"/Users/lawaldare/Documents/Decagon files/product-lifecycle/Recycler/RecyclerObserver.js": {"path":"/Users/lawaldare/Documents/Decagon files/product-lifecycle/Recycler/RecyclerObserver.js","statementMap":{"0":{"start":{"line":3,"column":2},"end":{"line":3,"column":37}},"1":{"start":{"line":4,"column":2},"end":{"line":6,"column":4}},"2":{"start":{"line":5,"column":3},"end":{"line":5,"column":61}},"3":{"start":{"line":10,"column":13},"end":{"line":10,"column":32}},"4":{"start":{"line":12,"column":0},"end":{"line":12,"column":34}}},"fnMap":{"0":{"name":"(anonymous_0)","decl":{"start":{"line":2,"column":1},"end":{"line":2,"column":2}},"loc":{"start":{"line":2,"column":15},"end":{"line":7,"column":2}},"line":2},"1":{"name":"(anonymous_1)","decl":{"start":{"line":4,"column":14},"end":{"line":4,"column":15}},"loc":{"start":{"line":4,"column":32},"end":{"line":6,"column":3}},"line":4}},"branchMap":{},"s":{"0":2,"1":2,"2":0,"3":2,"4":2},"f":{"0":2,"1":0},"b":{},"_coverageSchema":"43e27e138ebf9cfc5966b082cf9a028302ed4184","hash":"61db6d5df0a8e9ba9da7d634ed6a35214634af3d"}
,"/Users/lawaldare/Documents/Decagon files/product-lifecycle/Retailer/Retailer.js": {"path":"/Users/lawaldare/Documents/Decagon files/product-lifecycle/Retailer/Retailer.js","statementMap":{"0":{"start":{"line":1,"column":11},"end":{"line":1,"column":24}},"1":{"start":{"line":5,"column":2},"end":{"line":5,"column":21}},"2":{"start":{"line":6,"column":2},"end":{"line":6,"column":33}},"3":{"start":{"line":7,"column":2},"end":{"line":12,"column":4}},"4":{"start":{"line":8,"column":21},"end":{"line":8,"column":71}},"5":{"start":{"line":9,"column":3},"end":{"line":9,"column":54}},"6":{"start":{"line":10,"column":3},"end":{"line":10,"column":26}},"7":{"start":{"line":11,"column":3},"end":{"line":11,"column":70}},"8":{"start":{"line":16,"column":13},"end":{"line":16,"column":32}},"9":{"start":{"line":18,"column":0},"end":{"line":18,"column":26}}},"fnMap":{"0":{"name":"(anonymous_0)","decl":{"start":{"line":4,"column":1},"end":{"line":4,"column":2}},"loc":{"start":{"line":4,"column":39},"end":{"line":13,"column":2}},"line":4},"1":{"name":"(anonymous_1)","decl":{"start":{"line":7,"column":13},"end":{"line":7,"column":14}},"loc":{"start":{"line":7,"column":30},"end":{"line":12,"column":3}},"line":7}},"branchMap":{},"s":{"0":2,"1":0,"2":0,"3":0,"4":0,"5":0,"6":0,"7":0,"8":2,"9":2},"f":{"0":0,"1":0},"b":{},"_coverageSchema":"43e27e138ebf9cfc5966b082cf9a028302ed4184","hash":"2c852e9dad32c73f3e29b5f8524433f474c14469"}
,"/Users/lawaldare/Documents/Decagon files/product-lifecycle/Retailer/RetailerObserver.js": {"path":"/Users/lawaldare/Documents/Decagon files/product-lifecycle/Retailer/RetailerObserver.js","statementMap":{"0":{"start":{"line":3,"column":2},"end":{"line":3,"column":37}},"1":{"start":{"line":4,"column":2},"end":{"line":6,"column":4}},"2":{"start":{"line":5,"column":3},"end":{"line":5,"column":61}},"3":{"start":{"line":10,"column":13},"end":{"line":10,"column":32}},"4":{"start":{"line":12,"column":0},"end":{"line":12,"column":34}}},"fnMap":{"0":{"name":"(anonymous_0)","decl":{"start":{"line":2,"column":1},"end":{"line":2,"column":2}},"loc":{"start":{"line":2,"column":15},"end":{"line":7,"column":2}},"line":2},"1":{"name":"(anonymous_1)","decl":{"start":{"line":4,"column":14},"end":{"line":4,"column":15}},"loc":{"start":{"line":4,"column":32},"end":{"line":6,"column":3}},"line":4}},"branchMap":{},"s":{"0":2,"1":2,"2":0,"3":2,"4":2},"f":{"0":2,"1":0},"b":{},"_coverageSchema":"43e27e138ebf9cfc5966b082cf9a028302ed4184","hash":"0285089e6e780d02d8f7e0d78232d2438d57466d"}
}
