TN:
SF:/Users/lawaldare/Documents/Decagon files/product-lifecycle/Production.js
FN:2,(anonymous_0)
FN:5,(anonymous_1)
FN:10,(anonymous_2)
FNF:3
FNH:1
FNDA:8,(anonymous_0)
FNDA:0,(anonymous_1)
FNDA:0,(anonymous_2)
DA:1,2
DA:2,2
DA:3,8
DA:5,8
DA:6,0
DA:7,0
DA:10,8
DA:11,0
DA:15,2
LF:9
LH:6
BRF:0
BRH:0
end_of_record
TN:
SF:/Users/lawaldare/Documents/Decagon files/product-lifecycle/check.js
FNF:0
FNH:0
DA:1,2
LF:1
LH:1
BRF:0
BRH:0
end_of_record
TN:
SF:/Users/lawaldare/Documents/Decagon files/product-lifecycle/files.js
FNF:0
FNH:0
DA:1,2
DA:2,2
DA:3,2
DA:4,2
DA:5,2
DA:6,2
DA:7,2
DA:8,2
DA:9,2
DA:10,2
DA:11,2
LF:11
LH:11
BRF:0
BRH:0
end_of_record
TN:
SF:/Users/lawaldare/Documents/Decagon files/product-lifecycle/mo.js
FN:14,started
FNF:1
FNH:0
FNDA:0,started
DA:1,2
DA:2,2
DA:4,2
DA:5,2
DA:6,2
DA:7,2
DA:9,2
DA:10,2
DA:11,2
DA:12,2
DA:15,0
DA:18,2
LF:12
LH:11
BRF:0
BRH:0
end_of_record
TN:
SF:/Users/lawaldare/Documents/Decagon files/product-lifecycle/model.js
FN:1,Model
FN:3,(anonymous_1)
FN:7,(anonymous_2)
FN:9,(anonymous_3)
FNF:4
FNH:2
FNDA:2,Model
FNDA:8,(anonymous_1)
FNDA:0,(anonymous_2)
FNDA:0,(anonymous_3)
DA:2,2
DA:3,2
DA:4,8
DA:5,8
DA:7,2
DA:8,0
DA:9,0
DA:10,0
DA:16,2
LF:9
LH:6
BRDA:4,0,0,8
BRDA:4,0,1,8
BRDA:8,1,0,0
BRDA:8,1,1,0
BRF:4
BRH:2
end_of_record
TN:
SF:/Users/lawaldare/Documents/Decagon files/product-lifecycle/Consumer/Consumer.js
FN:4,(anonymous_0)
FN:8,(anonymous_1)
FNF:2
FNH:1
FNDA:1,(anonymous_0)
FNDA:0,(anonymous_1)
DA:1,2
DA:5,1
DA:6,1
DA:7,1
DA:8,1
DA:9,0
DA:10,0
DA:11,0
DA:16,2
DA:18,2
LF:10
LH:7
BRF:0
BRH:0
end_of_record
TN:
SF:/Users/lawaldare/Documents/Decagon files/product-lifecycle/Consumer/ConsumerObserver.js
FN:2,(anonymous_0)
FN:4,(anonymous_1)
FNF:2
FNH:1
FNDA:2,(anonymous_0)
FNDA:0,(anonymous_1)
DA:3,2
DA:4,2
DA:5,0
DA:10,2
DA:12,2
LF:5
LH:4
BRF:0
BRH:0
end_of_record
TN:
SF:/Users/lawaldare/Documents/Decagon files/product-lifecycle/Producer/Producer.js
FN:5,(anonymous_0)
FN:9,(anonymous_1)
FNF:2
FNH:1
FNDA:9,(anonymous_0)
FNDA:0,(anonymous_1)
DA:1,2
DA:2,2
DA:6,9
DA:7,9
DA:8,9
DA:9,9
DA:10,0
DA:11,0
DA:12,0
DA:17,2
DA:19,2
LF:11
LH:8
BRDA:12,0,0,0
BRDA:12,0,1,0
BRF:2
BRH:0
end_of_record
TN:
SF:/Users/lawaldare/Documents/Decagon files/product-lifecycle/Producer/ProducerObserver.js
FN:2,(anonymous_0)
FN:4,(anonymous_1)
FNF:2
FNH:1
FNDA:2,(anonymous_0)
FNDA:0,(anonymous_1)
DA:3,2
DA:4,2
DA:5,0
DA:10,2
DA:12,2
LF:5
LH:4
BRF:0
BRH:0
end_of_record
TN:
SF:/Users/lawaldare/Documents/Decagon files/product-lifecycle/Recycler/Recycler.js
FN:4,(anonymous_0)
FN:8,(anonymous_1)
FNF:2
FNH:0
FNDA:0,(anonymous_0)
FNDA:0,(anonymous_1)
DA:1,2
DA:5,0
DA:6,0
DA:7,0
DA:8,0
DA:9,0
DA:10,0
DA:11,0
DA:16,2
DA:18,2
LF:10
LH:3
BRF:0
BRH:0
end_of_record
TN:
SF:/Users/lawaldare/Documents/Decagon files/product-lifecycle/Recycler/RecyclerObserver.js
FN:2,(anonymous_0)
FN:4,(anonymous_1)
FNF:2
FNH:1
FNDA:2,(anonymous_0)
FNDA:0,(anonymous_1)
DA:3,2
DA:4,2
DA:5,0
DA:10,2
DA:12,2
LF:5
LH:4
BRF:0
BRH:0
end_of_record
TN:
SF:/Users/lawaldare/Documents/Decagon files/product-lifecycle/Retailer/Retailer.js
FN:4,(anonymous_0)
FN:7,(anonymous_1)
FNF:2
FNH:0
FNDA:0,(anonymous_0)
FNDA:0,(anonymous_1)
DA:1,2
DA:5,0
DA:6,0
DA:7,0
DA:8,0
DA:9,0
DA:10,0
DA:11,0
DA:16,2
DA:18,2
LF:10
LH:3
BRF:0
BRH:0
end_of_record
TN:
SF:/Users/lawaldare/Documents/Decagon files/product-lifecycle/Retailer/RetailerObserver.js
FN:2,(anonymous_0)
FN:4,(anonymous_1)
FNF:2
FNH:1
FNDA:2,(anonymous_0)
FNDA:0,(anonymous_1)
DA:3,2
DA:4,2
DA:5,0
DA:10,2
DA:12,2
LF:5
LH:4
BRF:0
BRH:0
end_of_record
