TN:
SF:/Users/lawaldare/Documents/Decagon files/product-lifecycle/Handlers/Production.js
FN:2,(anonymous_0)
FN:6,(anonymous_1)
FN:11,(anonymous_2)
FNF:3
FNH:1
FNDA:36,(anonymous_0)
FNDA:0,(anonymous_1)
FNDA:0,(anonymous_2)
DA:1,8
DA:2,8
DA:4,36
DA:6,36
DA:7,0
DA:8,0
DA:11,36
DA:12,0
DA:16,8
LF:9
LH:6
BRF:0
BRH:0
end_of_record
TN:
SF:/Users/lawaldare/Documents/Decagon files/product-lifecycle/Handlers/check.js
FNF:0
FNH:0
DA:1,8
LF:1
LH:1
BRF:0
BRH:0
end_of_record
TN:
SF:/Users/lawaldare/Documents/Decagon files/product-lifecycle/Handlers/files.js
FNF:0
FNH:0
DA:1,8
DA:2,8
DA:3,8
DA:4,8
DA:5,8
DA:6,8
DA:7,8
DA:8,8
DA:9,8
DA:10,8
DA:11,8
LF:11
LH:11
BRF:0
BRH:0
end_of_record
TN:
SF:/Users/lawaldare/Documents/Decagon files/product-lifecycle/Handlers/mo.js
FN:14,started
FNF:1
FNH:0
FNDA:0,started
DA:1,8
DA:2,8
DA:4,8
DA:5,8
DA:6,8
DA:7,8
DA:9,8
DA:10,8
DA:11,8
DA:12,8
DA:15,0
DA:18,8
LF:12
LH:11
BRF:0
BRH:0
end_of_record
TN:
SF:/Users/lawaldare/Documents/Decagon files/product-lifecycle/Handlers/model.js
FN:1,Model
FN:3,(anonymous_1)
FN:7,(anonymous_2)
FN:9,(anonymous_3)
FNF:4
FNH:2
FNDA:8,Model
FNDA:32,(anonymous_1)
FNDA:0,(anonymous_2)
FNDA:0,(anonymous_3)
DA:2,8
DA:3,8
DA:4,32
DA:5,32
DA:7,8
DA:8,0
DA:9,0
DA:10,0
DA:16,8
LF:9
LH:6
BRDA:4,0,0,32
BRDA:4,0,1,32
BRDA:8,1,0,0
BRDA:8,1,1,0
BRF:4
BRH:2
end_of_record
TN:
SF:/Users/lawaldare/Documents/Decagon files/product-lifecycle/States/Consumer/Consumer.js
FN:4,(anonymous_0)
FN:8,(anonymous_1)
FNF:2
FNH:2
FNDA:2,(anonymous_0)
FNDA:1,(anonymous_1)
DA:1,8
DA:5,2
DA:6,2
DA:7,2
DA:8,2
DA:9,1
DA:10,1
DA:11,1
DA:16,8
DA:18,8
LF:10
LH:10
BRF:0
BRH:0
end_of_record
TN:
SF:/Users/lawaldare/Documents/Decagon files/product-lifecycle/States/Consumer/ConsumerObserver.js
FN:2,(anonymous_0)
FN:4,(anonymous_1)
FNF:2
FNH:1
FNDA:9,(anonymous_0)
FNDA:0,(anonymous_1)
DA:3,9
DA:4,9
DA:5,0
DA:10,8
DA:12,8
LF:5
LH:4
BRF:0
BRH:0
end_of_record
TN:
SF:/Users/lawaldare/Documents/Decagon files/product-lifecycle/States/Producer/Producer.js
FN:5,(anonymous_0)
FN:9,(anonymous_1)
FNF:2
FNH:2
FNDA:38,(anonymous_0)
FNDA:1,(anonymous_1)
DA:1,8
DA:2,8
DA:6,38
DA:7,38
DA:8,38
DA:9,38
DA:10,1
DA:11,1
DA:12,1
DA:17,8
DA:19,8
LF:11
LH:11
BRDA:12,0,0,0
BRDA:12,0,1,1
BRF:2
BRH:1
end_of_record
TN:
SF:/Users/lawaldare/Documents/Decagon files/product-lifecycle/States/Producer/ProducerObserver.js
FN:2,(anonymous_0)
FN:4,(anonymous_1)
FNF:2
FNH:1
FNDA:9,(anonymous_0)
FNDA:0,(anonymous_1)
DA:3,9
DA:4,9
DA:5,0
DA:10,8
DA:12,8
LF:5
LH:4
BRF:0
BRH:0
end_of_record
TN:
SF:/Users/lawaldare/Documents/Decagon files/product-lifecycle/States/Recycler/Recycler.js
FN:4,(anonymous_0)
FN:8,(anonymous_1)
FNF:2
FNH:2
FNDA:2,(anonymous_0)
FNDA:1,(anonymous_1)
DA:1,8
DA:5,2
DA:6,2
DA:7,2
DA:8,2
DA:9,1
DA:10,1
DA:11,1
DA:16,8
DA:18,8
LF:10
LH:10
BRF:0
BRH:0
end_of_record
TN:
SF:/Users/lawaldare/Documents/Decagon files/product-lifecycle/States/Recycler/RecyclerObserver.js
FN:2,(anonymous_0)
FN:4,(anonymous_1)
FNF:2
FNH:1
FNDA:9,(anonymous_0)
FNDA:0,(anonymous_1)
DA:3,9
DA:4,9
DA:5,0
DA:10,8
DA:12,8
LF:5
LH:4
BRF:0
BRH:0
end_of_record
TN:
SF:/Users/lawaldare/Documents/Decagon files/product-lifecycle/States/Retailer/Retailer.js
FN:4,(anonymous_0)
FN:7,(anonymous_1)
FNF:2
FNH:2
FNDA:1,(anonymous_0)
FNDA:1,(anonymous_1)
DA:1,8
DA:5,1
DA:6,1
DA:7,1
DA:8,1
DA:9,1
DA:10,1
DA:11,1
DA:16,8
DA:18,8
LF:10
LH:10
BRF:0
BRH:0
end_of_record
TN:
SF:/Users/lawaldare/Documents/Decagon files/product-lifecycle/States/Retailer/RetailerObserver.js
FN:2,(anonymous_0)
FN:4,(anonymous_1)
FNF:2
FNH:1
FNDA:9,(anonymous_0)
FNDA:0,(anonymous_1)
DA:3,9
DA:4,9
DA:5,0
DA:10,8
DA:12,8
LF:5
LH:4
BRF:0
BRH:0
end_of_record
